<?xml version="1.0" encoding="UTF-8"?>
<!-- Generated by org.testng.reporters.JUnitReportReporter -->
<testsuite hostname="LAPTOP-6LG2OHSP" failures="0" tests="2" name="testcases.AutifyFreeTrialValidation" time="20.013" errors="0" timestamp="2025-04-20T21:18:44 IST" skipped="0">
  <testcase classname="testcases.AutifyFreeTrialValidation" name="freeStartTrialNavigationValidation" time="19.024"/>
  <testcase classname="testcases.AutifyFreeTrialValidation" name="freeStartTrialSignUpValidation" time="0.989"/>
</testsuite> <!-- testcases.AutifyFreeTrialValidation -->
