<?xml version="1.0" encoding="UTF-8"?>
<!-- Generated by org.testng.reporters.JUnitReportReporter -->
<testsuite hostname="LAPTOP-6LG2OHSP" failures="0" tests="2" name="testcases.AutifyFreeTrialValidation" time="21.921" errors="0" timestamp="2025-05-10T18:59:28 IST" skipped="0">
  <testcase classname="testcases.AutifyFreeTrialValidation" name="freeStartTrialSignUpValidation" time="1.196"/>
  <testcase classname="testcases.AutifyFreeTrialValidation" name="freeStartTrialNavigationValidation" time="20.725"/>
</testsuite> <!-- testcases.AutifyFreeTrialValidation -->
