<?xml version="1.0" encoding="UTF-8"?>
<!-- Generated by org.testng.reporters.JUnitReportReporter -->
<testsuite hostname="LAPTOP-6LG2OHSP" failures="0" tests="2" name="autifyFreeTrialUsingTestNG.AutifyFreeTrialTesting" time="15.666" errors="0" timestamp="2025-05-10T18:53:25 IST" skipped="0">
  <testcase classname="autifyFreeTrialUsingTestNG.AutifyFreeTrialTesting" name="freeStartTrialSignUpValidation" time="0.879"/>
  <testcase classname="autifyFreeTrialUsingTestNG.AutifyFreeTrialTesting" name="freeStartTrialNavigationValidation" time="14.787"/>
</testsuite> <!-- autifyFreeTrialUsingTestNG.AutifyFreeTrialTesting -->
